{"E:\\Repo\\Node Projects\\stock_controller_api\\src\\router.ts": {"path":"E:\\Repo\\Node Projects\\stock_controller_api\\src\\router.ts","statementMap":{"0":{"start":{"line":1,"column":0},"end":{"line":1,"column":32}},"1":{"start":{"line":2,"column":0},"end":{"line":2,"column":47}},"2":{"start":{"line":3,"column":0},"end":{"line":3,"column":129}},"3":{"start":{"line":4,"column":0},"end":{"line":4,"column":50}},"4":{"start":{"line":6,"column":15},"end":{"line":6,"column":23}},"5":{"start":{"line":8,"column":0},"end":{"line":8,"column":null}},"6":{"start":{"line":9,"column":0},"end":{"line":14,"column":null}},"7":{"start":{"line":17,"column":0},"end":{"line":30,"column":null}},"8":{"start":{"line":26,"column":25},"end":{"line":26,"column":34}},"9":{"start":{"line":32,"column":0},"end":{"line":44,"column":null}},"10":{"start":{"line":39,"column":25},"end":{"line":39,"column":34}},"11":{"start":{"line":46,"column":0},"end":{"line":50,"column":null}},"12":{"start":{"line":52,"column":0},"end":{"line":56,"column":null}},"13":{"start":{"line":59,"column":0},"end":{"line":59,"column":null}}},"fnMap":{"0":{"name":"(anonymous_0)","decl":{"start":{"line":26,"column":16},"end":{"line":26,"column":21}},"loc":{"start":{"line":26,"column":25},"end":{"line":26,"column":34}}},"1":{"name":"(anonymous_1)","decl":{"start":{"line":39,"column":16},"end":{"line":39,"column":21}},"loc":{"start":{"line":39,"column":25},"end":{"line":39,"column":34}}}},"branchMap":{},"s":{"0":2,"1":2,"2":2,"3":2,"4":2,"5":2,"6":2,"7":2,"8":4,"9":2,"10":5,"11":2,"12":2,"13":2},"f":{"0":4,"1":5},"b":{}}
,"E:\\Repo\\Node Projects\\stock_controller_api\\src\\server.ts": {"path":"E:\\Repo\\Node Projects\\stock_controller_api\\src\\server.ts","statementMap":{"0":{"start":{"line":1,"column":0},"end":{"line":1,"column":27}},"1":{"start":{"line":2,"column":0},"end":{"line":2,"column":29}},"2":{"start":{"line":3,"column":0},"end":{"line":3,"column":29}},"3":{"start":{"line":4,"column":0},"end":{"line":4,"column":29}},"4":{"start":{"line":9,"column":4},"end":{"line":16,"column":5}},"5":{"start":{"line":10,"column":8},"end":{"line":10,"column":null}},"6":{"start":{"line":11,"column":8},"end":{"line":11,"column":null}},"7":{"start":{"line":15,"column":8},"end":{"line":15,"column":null}},"8":{"start":{"line":19,"column":0},"end":{"line":19,"column":null}},"9":{"start":{"line":22,"column":15},"end":{"line":22,"column":24}},"10":{"start":{"line":25,"column":0},"end":{"line":25,"column":null}},"11":{"start":{"line":27,"column":0},"end":{"line":27,"column":null}},"12":{"start":{"line":29,"column":0},"end":{"line":31,"column":null}},"13":{"start":{"line":30,"column":4},"end":{"line":30,"column":null}},"14":{"start":{"line":33,"column":0},"end":{"line":33,"column":null}}},"fnMap":{"0":{"name":"connectDB","decl":{"start":{"line":8,"column":15},"end":{"line":8,"column":24}},"loc":{"start":{"line":8,"column":24},"end":{"line":17,"column":1}}},"1":{"name":"(anonymous_2)","decl":{"start":{"line":29,"column":19},"end":{"line":29,"column":20}},"loc":{"start":{"line":29,"column":32},"end":{"line":31,"column":1}}}},"branchMap":{},"s":{"0":2,"1":2,"2":2,"3":2,"4":2,"5":2,"6":1,"7":0,"8":2,"9":2,"10":2,"11":2,"12":2,"13":1,"14":2},"f":{"0":2,"1":1},"b":{}}
,"E:\\Repo\\Node Projects\\stock_controller_api\\src\\config\\dbt.ts": {"path":"E:\\Repo\\Node Projects\\stock_controller_api\\src\\config\\dbt.ts","statementMap":{"0":{"start":{"line":1,"column":0},"end":{"line":1,"column":48}},"1":{"start":{"line":2,"column":0},"end":{"line":2,"column":27}},"2":{"start":{"line":3,"column":0},"end":{"line":3,"column":null}},"3":{"start":{"line":6,"column":11},"end":{"line":15,"column":2}},"4":{"start":{"line":17,"column":0},"end":{"line":17,"column":null}}},"fnMap":{},"branchMap":{},"s":{"0":2,"1":2,"2":2,"3":2,"4":2},"f":{},"b":{}}
,"E:\\Repo\\Node Projects\\stock_controller_api\\src\\handlers\\product.ts": {"path":"E:\\Repo\\Node Projects\\stock_controller_api\\src\\handlers\\product.ts","statementMap":{"0":{"start":{"line":2,"column":0},"end":{"line":2,"column":45}},"1":{"start":{"line":4,"column":27},"end":{"line":18,"column":1}},"2":{"start":{"line":5,"column":4},"end":{"line":17,"column":5}},"3":{"start":{"line":7,"column":25},"end":{"line":13,"column":10}},"4":{"start":{"line":14,"column":8},"end":{"line":14,"column":null}},"5":{"start":{"line":16,"column":8},"end":{"line":16,"column":null}},"6":{"start":{"line":4,"column":13},"end":{"line":4,"column":27}},"7":{"start":{"line":20,"column":30},"end":{"line":35,"column":1}},"8":{"start":{"line":21,"column":4},"end":{"line":34,"column":5}},"9":{"start":{"line":22,"column":23},"end":{"line":22,"column":33}},"10":{"start":{"line":23,"column":24},"end":{"line":23,"column":50}},"11":{"start":{"line":25,"column":8},"end":{"line":29,"column":9}},"12":{"start":{"line":26,"column":12},"end":{"line":28,"column":null}},"13":{"start":{"line":31,"column":8},"end":{"line":31,"column":null}},"14":{"start":{"line":33,"column":8},"end":{"line":33,"column":null}},"15":{"start":{"line":20,"column":13},"end":{"line":20,"column":30}},"16":{"start":{"line":37,"column":29},"end":{"line":53,"column":1}},"17":{"start":{"line":47,"column":4},"end":{"line":52,"column":5}},"18":{"start":{"line":48,"column":24},"end":{"line":48,"column":54}},"19":{"start":{"line":49,"column":8},"end":{"line":49,"column":null}},"20":{"start":{"line":51,"column":8},"end":{"line":51,"column":null}},"21":{"start":{"line":37,"column":13},"end":{"line":37,"column":29}},"22":{"start":{"line":55,"column":29},"end":{"line":69,"column":1}},"23":{"start":{"line":56,"column":19},"end":{"line":56,"column":29}},"24":{"start":{"line":57,"column":20},"end":{"line":57,"column":46}},"25":{"start":{"line":59,"column":4},"end":{"line":63,"column":5}},"26":{"start":{"line":60,"column":8},"end":{"line":62,"column":null}},"27":{"start":{"line":66,"column":4},"end":{"line":66,"column":null}},"28":{"start":{"line":67,"column":4},"end":{"line":67,"column":null}},"29":{"start":{"line":68,"column":4},"end":{"line":68,"column":null}},"30":{"start":{"line":55,"column":13},"end":{"line":55,"column":29}},"31":{"start":{"line":71,"column":34},"end":{"line":85,"column":1}},"32":{"start":{"line":72,"column":19},"end":{"line":72,"column":29}},"33":{"start":{"line":73,"column":20},"end":{"line":73,"column":46}},"34":{"start":{"line":75,"column":4},"end":{"line":79,"column":5}},"35":{"start":{"line":76,"column":8},"end":{"line":78,"column":null}},"36":{"start":{"line":82,"column":4},"end":{"line":82,"column":null}},"37":{"start":{"line":83,"column":4},"end":{"line":83,"column":null}},"38":{"start":{"line":84,"column":4},"end":{"line":84,"column":null}},"39":{"start":{"line":71,"column":13},"end":{"line":71,"column":34}},"40":{"start":{"line":87,"column":29},"end":{"line":99,"column":1}},"41":{"start":{"line":88,"column":19},"end":{"line":88,"column":29}},"42":{"start":{"line":89,"column":20},"end":{"line":89,"column":46}},"43":{"start":{"line":91,"column":4},"end":{"line":95,"column":5}},"44":{"start":{"line":92,"column":8},"end":{"line":94,"column":null}},"45":{"start":{"line":97,"column":4},"end":{"line":97,"column":null}},"46":{"start":{"line":98,"column":4},"end":{"line":98,"column":null}},"47":{"start":{"line":87,"column":13},"end":{"line":87,"column":29}}},"fnMap":{"0":{"name":"(anonymous_1)","decl":{"start":{"line":4,"column":27},"end":{"line":4,"column":32}},"loc":{"start":{"line":4,"column":65},"end":{"line":18,"column":1}}},"1":{"name":"(anonymous_2)","decl":{"start":{"line":20,"column":30},"end":{"line":20,"column":35}},"loc":{"start":{"line":20,"column":68},"end":{"line":35,"column":1}}},"2":{"name":"(anonymous_3)","decl":{"start":{"line":37,"column":29},"end":{"line":37,"column":34}},"loc":{"start":{"line":37,"column":67},"end":{"line":53,"column":1}}},"3":{"name":"(anonymous_4)","decl":{"start":{"line":55,"column":29},"end":{"line":55,"column":34}},"loc":{"start":{"line":55,"column":67},"end":{"line":69,"column":1}}},"4":{"name":"(anonymous_5)","decl":{"start":{"line":71,"column":34},"end":{"line":71,"column":39}},"loc":{"start":{"line":71,"column":72},"end":{"line":85,"column":1}}},"5":{"name":"(anonymous_6)","decl":{"start":{"line":87,"column":29},"end":{"line":87,"column":34}},"loc":{"start":{"line":87,"column":67},"end":{"line":99,"column":1}}}},"branchMap":{"0":{"loc":{"start":{"line":25,"column":8},"end":{"line":29,"column":9}},"type":"if","locations":[{"start":{"line":25,"column":8},"end":{"line":29,"column":9}}]},"1":{"loc":{"start":{"line":59,"column":4},"end":{"line":63,"column":5}},"type":"if","locations":[{"start":{"line":59,"column":4},"end":{"line":63,"column":5}}]},"2":{"loc":{"start":{"line":75,"column":4},"end":{"line":79,"column":5}},"type":"if","locations":[{"start":{"line":75,"column":4},"end":{"line":79,"column":5}}]},"3":{"loc":{"start":{"line":91,"column":4},"end":{"line":95,"column":5}},"type":"if","locations":[{"start":{"line":91,"column":4},"end":{"line":95,"column":5}}]}},"s":{"0":2,"1":2,"2":2,"3":2,"4":2,"5":0,"6":2,"7":2,"8":2,"9":2,"10":2,"11":2,"12":1,"13":1,"14":0,"15":2,"16":2,"17":1,"18":1,"19":1,"20":0,"21":2,"22":2,"23":2,"24":2,"25":2,"26":1,"27":1,"28":1,"29":1,"30":2,"31":2,"32":2,"33":2,"34":2,"35":1,"36":1,"37":1,"38":1,"39":2,"40":2,"41":2,"42":2,"43":2,"44":1,"45":1,"46":1,"47":2},"f":{"0":2,"1":2,"2":1,"3":2,"4":2,"5":2},"b":{"0":[1],"1":[1],"2":[1],"3":[1]}}
,"E:\\Repo\\Node Projects\\stock_controller_api\\src\\middleware\\index.ts": {"path":"E:\\Repo\\Node Projects\\stock_controller_api\\src\\middleware\\index.ts","statementMap":{"0":{"start":{"line":2,"column":0},"end":{"line":2,"column":52}},"1":{"start":{"line":4,"column":35},"end":{"line":10,"column":1}},"2":{"start":{"line":5,"column":17},"end":{"line":5,"column":38}},"3":{"start":{"line":6,"column":4},"end":{"line":8,"column":5}},"4":{"start":{"line":7,"column":8},"end":{"line":7,"column":null}},"5":{"start":{"line":9,"column":4},"end":{"line":9,"column":null}},"6":{"start":{"line":4,"column":13},"end":{"line":4,"column":35}}},"fnMap":{"0":{"name":"(anonymous_0)","decl":{"start":{"line":4,"column":35},"end":{"line":4,"column":36}},"loc":{"start":{"line":4,"column":87},"end":{"line":10,"column":1}}}},"branchMap":{"0":{"loc":{"start":{"line":6,"column":4},"end":{"line":8,"column":5}},"type":"if","locations":[{"start":{"line":6,"column":4},"end":{"line":8,"column":5}}]}},"s":{"0":2,"1":2,"2":17,"3":17,"4":8,"5":9,"6":2},"f":{"0":17},"b":{"0":[8]}}
,"E:\\Repo\\Node Projects\\stock_controller_api\\src\\models\\Product.model.ts": {"path":"E:\\Repo\\Node Projects\\stock_controller_api\\src\\models\\Product.model.ts","statementMap":{"0":{"start":{"line":1,"column":0},"end":{"line":1,"column":78}},"1":{"start":{"line":8,"column":0},"end":{"line":24,"column":null}},"2":{"start":{"line":12,"column":12},"end":{"line":12,"column":null}},"3":{"start":{"line":17,"column":12},"end":{"line":17,"column":null}},"4":{"start":{"line":23,"column":12},"end":{"line":23,"column":null}},"5":{"start":{"line":8,"column":6},"end":{"line":24,"column":null}},"6":{"start":{"line":26,"column":0},"end":{"line":26,"column":null}}},"fnMap":{},"branchMap":{},"s":{"0":2,"1":2,"2":2,"3":2,"4":2,"5":2,"6":2},"f":{},"b":{}}
}
