TN:
SF:src\router.ts
FN:26,(anonymous_0)
FN:39,(anonymous_1)
FNF:2
FNH:2
FNDA:4,(anonymous_0)
FNDA:5,(anonymous_1)
DA:1,2
DA:2,2
DA:3,2
DA:4,2
DA:6,2
DA:8,2
DA:9,2
DA:17,2
DA:26,4
DA:32,2
DA:39,5
DA:46,2
DA:52,2
DA:59,2
LF:14
LH:14
BRF:0
BRH:0
end_of_record
TN:
SF:src\server.ts
FN:8,connectDB
FN:29,(anonymous_2)
FNF:2
FNH:2
FNDA:2,connectDB
FNDA:1,(anonymous_2)
DA:1,2
DA:2,2
DA:3,2
DA:4,2
DA:9,2
DA:10,2
DA:11,1
DA:15,0
DA:19,2
DA:22,2
DA:25,2
DA:27,2
DA:29,2
DA:30,1
DA:33,2
LF:15
LH:14
BRF:0
BRH:0
end_of_record
TN:
SF:src\config\dbt.ts
FNF:0
FNH:0
DA:1,2
DA:2,2
DA:3,2
DA:6,2
DA:17,2
LF:5
LH:5
BRF:0
BRH:0
end_of_record
TN:
SF:src\handlers\product.ts
FN:4,(anonymous_1)
FN:20,(anonymous_2)
FN:37,(anonymous_3)
FN:55,(anonymous_4)
FN:71,(anonymous_5)
FN:87,(anonymous_6)
FNF:6
FNH:6
FNDA:2,(anonymous_1)
FNDA:2,(anonymous_2)
FNDA:1,(anonymous_3)
FNDA:2,(anonymous_4)
FNDA:2,(anonymous_5)
FNDA:2,(anonymous_6)
DA:2,2
DA:4,2
DA:5,2
DA:7,2
DA:14,2
DA:16,0
DA:20,2
DA:21,2
DA:22,2
DA:23,2
DA:25,2
DA:26,1
DA:31,1
DA:33,0
DA:37,2
DA:47,1
DA:48,1
DA:49,1
DA:51,0
DA:55,2
DA:56,2
DA:57,2
DA:59,2
DA:60,1
DA:66,1
DA:67,1
DA:68,1
DA:71,2
DA:72,2
DA:73,2
DA:75,2
DA:76,1
DA:82,1
DA:83,1
DA:84,1
DA:87,2
DA:88,2
DA:89,2
DA:91,2
DA:92,1
DA:97,1
DA:98,1
LF:42
LH:39
BRDA:25,0,0,1
BRDA:59,1,0,1
BRDA:75,2,0,1
BRDA:91,3,0,1
BRF:4
BRH:4
end_of_record
TN:
SF:src\middleware\index.ts
FN:4,(anonymous_0)
FNF:1
FNH:1
FNDA:17,(anonymous_0)
DA:2,2
DA:4,2
DA:5,17
DA:6,17
DA:7,8
DA:9,9
LF:6
LH:6
BRDA:6,0,0,8
BRF:1
BRH:1
end_of_record
TN:
SF:src\models\Product.model.ts
FNF:0
FNH:0
DA:1,2
DA:8,2
DA:12,2
DA:17,2
DA:23,2
DA:26,2
LF:6
LH:6
BRF:0
BRH:0
end_of_record
